Started GET "/" for 127.0.0.1 at 2022-01-11 17:18:09 +0300
  [1m[35m (1.4ms)[0m  [1m[34mSELECT sqlite_version(*)[0m
Processing by PostsController#index as HTML
  Rendering layout layouts/application.html.erb
  Rendering posts/index.html.erb within layouts/application
  Rendered posts/index.html.erb within layouts/application (Duration: 1.2ms | Allocations: 553)
  Rendered layout layouts/application.html.erb (Duration: 318.4ms | Allocations: 129172)
Completed 200 OK in 333ms (Views: 322.7ms | ActiveRecord: 0.0ms | Allocations: 136141)


Started GET "/about" for 127.0.0.1 at 2022-01-11 17:23:07 +0300
Processing by PagesController#about as HTML
  Rendering layout layouts/application.html.erb
  Rendering pages/about.html.erb within layouts/application
  Rendered pages/about.html.erb within layouts/application (Duration: 0.5ms | Allocations: 150)
  Rendered layout layouts/application.html.erb (Duration: 26.9ms | Allocations: 25361)
Completed 200 OK in 31ms (Views: 29.3ms | Allocations: 26584)


Started GET "/about" for 127.0.0.1 at 2022-01-11 17:24:41 +0300
Processing by PagesController#about as HTML
  Rendering layout layouts/application.html.erb
  Rendering pages/about.html.erb within layouts/application
  Rendered pages/about.html.erb within layouts/application (Duration: 0.4ms | Allocations: 165)
  Rendered layout layouts/application.html.erb (Duration: 19.6ms | Allocations: 25309)
Completed 200 OK in 22ms (Views: 21.1ms | Allocations: 26533)


Started GET "/about" for 127.0.0.1 at 2022-01-11 17:24:45 +0300
Processing by PagesController#about as HTML
  Rendering layout layouts/application.html.erb
  Rendering pages/about.html.erb within layouts/application
  Rendered pages/about.html.erb within layouts/application (Duration: 0.1ms | Allocations: 16)
  Rendered layout layouts/application.html.erb (Duration: 20.9ms | Allocations: 3998)
Completed 200 OK in 22ms (Views: 21.5ms | Allocations: 4335)


Started GET "/about" for 127.0.0.1 at 2022-01-11 17:26:27 +0300
Processing by PagesController#about as HTML
  Rendering layout layouts/application.html.erb
  Rendering pages/about.html.erb within layouts/application
  Rendered pages/about.html.erb within layouts/application (Duration: 1.0ms | Allocations: 183)
  Rendered layout layouts/application.html.erb (Duration: 22.3ms | Allocations: 25409)
Completed 200 OK in 26ms (Views: 25.2ms | Allocations: 26636)


Started GET "/about" for 127.0.0.1 at 2022-01-11 17:27:57 +0300
Processing by PagesController#about as HTML
  Rendering layout layouts/application.html.erb
  Rendering pages/about.html.erb within layouts/application
  Rendered pages/about.html.erb within layouts/application (Duration: 0.1ms | Allocations: 26)
  Rendered layout layouts/application.html.erb (Duration: 15.7ms | Allocations: 24980)
Completed 200 OK in 18ms (Views: 17.5ms | Allocations: 25876)


Started GET "/about" for 127.0.0.1 at 2022-01-11 17:35:32 +0300
Processing by PagesController#about as HTML
  Rendering layout layouts/application.html.erb
  Rendering pages/about.html.erb within layouts/application
  Rendered pages/about.html.erb within layouts/application (Duration: 0.4ms | Allocations: 179)
  Rendered layout layouts/application.html.erb (Duration: 24.6ms | Allocations: 25340)
Completed 200 OK in 27ms (Views: 26.2ms | Allocations: 26564)


Started GET "/" for 127.0.0.1 at 2022-01-11 17:35:40 +0300
Processing by PostsController#index as HTML
  Rendering layout layouts/application.html.erb
  Rendering posts/index.html.erb within layouts/application
  Rendered posts/index.html.erb within layouts/application (Duration: 0.5ms | Allocations: 146)
  Rendered layout layouts/application.html.erb (Duration: 4.5ms | Allocations: 4406)
Completed 200 OK in 7ms (Views: 6.1ms | Allocations: 5414)


Started GET "/posts/new" for 127.0.0.1 at 2022-01-11 17:36:14 +0300
Processing by PostsController#new as HTML
  Rendering layout layouts/application.html.erb
  Rendering posts/new.html.erb within layouts/application
  Rendered posts/new.html.erb within layouts/application (Duration: 13.1ms | Allocations: 3739)
  Rendered layout layouts/application.html.erb (Duration: 16.6ms | Allocations: 7685)
Completed 200 OK in 18ms (Views: 17.3ms | Allocations: 8112)


Started GET "/posts/new" for 127.0.0.1 at 2022-01-11 17:36:41 +0300
Processing by PostsController#new as HTML
  Rendering layout layouts/application.html.erb
  Rendering posts/new.html.erb within layouts/application
  Rendered posts/new.html.erb within layouts/application (Duration: 10.7ms | Allocations: 804)
  Rendered layout layouts/application.html.erb (Duration: 18.7ms | Allocations: 5015)
Completed 200 OK in 22ms (Views: 21.0ms | Allocations: 6189)


Started GET "/posts/new" for 127.0.0.1 at 2022-01-11 17:37:30 +0300
Processing by PostsController#new as HTML
  Rendering layout layouts/application.html.erb
  Rendering posts/new.html.erb within layouts/application
  Rendered posts/new.html.erb within layouts/application (Duration: 9.7ms | Allocations: 788)
  Rendered layout layouts/application.html.erb (Duration: 19.2ms | Allocations: 5002)
Completed 200 OK in 23ms (Views: 22.1ms | Allocations: 6148)


Started GET "/posts/new" for 127.0.0.1 at 2022-01-11 17:38:36 +0300
Processing by PostsController#new as HTML
  Rendering layout layouts/application.html.erb
  Rendering posts/new.html.erb within layouts/application
  Rendered posts/new.html.erb within layouts/application (Duration: 1.4ms | Allocations: 565)
  Rendered layout layouts/application.html.erb (Duration: 21.9ms | Allocations: 25340)
Completed 200 OK in 24ms (Views: 23.6ms | Allocations: 26228)


Started POST "/posts" for 127.0.0.1 at 2022-01-11 17:38:42 +0300
Processing by PostsController#create as TURBO_STREAM
  Parameters: {"authenticity_token"=>"[FILTERED]", "post"=>{"title"=>"qwe", "body"=>"qwerty"}, "commit"=>"Сохранить"}
  Rendering text template
  Rendered text template (Duration: 0.0ms | Allocations: 7)
Completed 200 OK in 3ms (Views: 1.6ms | Allocations: 869)


Started GET "/posts/new" for 127.0.0.1 at 2022-01-11 17:40:14 +0300
Processing by PostsController#new as HTML
  Rendering layout layouts/application.html.erb
  Rendering posts/new.html.erb within layouts/application
  Rendered posts/new.html.erb within layouts/application (Duration: 0.9ms | Allocations: 575)
  Rendered layout layouts/application.html.erb (Duration: 24.7ms | Allocations: 25321)
Completed 200 OK in 27ms (Views: 26.1ms | Allocations: 26209)


Started POST "/posts" for 127.0.0.1 at 2022-01-11 17:40:18 +0300
Processing by PostsController#create as TURBO_STREAM
  Parameters: {"authenticity_token"=>"[FILTERED]", "post"=>{"title"=>"qwe", "body"=>"qwerrty"}, "commit"=>"Сохранить"}
  Rendering text template
  Rendered text template (Duration: 0.0ms | Allocations: 2)
Completed 500 Internal Server Error in 2ms (Views: 0.7ms | Allocations: 971)


  
AbstractController::DoubleRenderError (Render and/or redirect were called multiple times in this action. Please note that you may only call render OR redirect, and at most once per action. Also note that neither redirect nor render terminate execution of the action, so if you want to exit an action after redirecting, you need to do something like "redirect_to(...) and return".):
  
app/controllers/posts_controller.rb:12:in `create'
Started GET "/posts/new" for 127.0.0.1 at 2022-01-11 17:40:44 +0300
Processing by PostsController#new as HTML
  Rendering layout layouts/application.html.erb
  Rendering posts/new.html.erb within layouts/application
  Rendered posts/new.html.erb within layouts/application (Duration: 2.3ms | Allocations: 522)
  Rendered layout layouts/application.html.erb (Duration: 7.8ms | Allocations: 4453)
Completed 200 OK in 10ms (Views: 9.1ms | Allocations: 4806)


Started POST "/posts" for 127.0.0.1 at 2022-01-11 17:40:49 +0300
Processing by PostsController#create as TURBO_STREAM
  Parameters: {"authenticity_token"=>"[FILTERED]", "post"=>{"title"=>"qwwe", "body"=>"weeeee"}, "commit"=>"Сохранить"}
  Rendering text template
  Rendered text template (Duration: 0.0ms | Allocations: 2)
Completed 500 Internal Server Error in 10ms (Views: 8.5ms | Allocations: 910)


  
AbstractController::DoubleRenderError (Render and/or redirect were called multiple times in this action. Please note that you may only call render OR redirect, and at most once per action. Also note that neither redirect nor render terminate execution of the action, so if you want to exit an action after redirecting, you need to do something like "redirect_to(...) and return".):
  
app/controllers/posts_controller.rb:12:in `create'
Started GET "/posts/new" for 127.0.0.1 at 2022-01-11 17:41:05 +0300
Processing by PostsController#new as HTML
  Rendering layout layouts/application.html.erb
  Rendering posts/new.html.erb within layouts/application
  Rendered posts/new.html.erb within layouts/application (Duration: 1.8ms | Allocations: 577)
  Rendered layout layouts/application.html.erb (Duration: 21.6ms | Allocations: 25356)
Completed 200 OK in 25ms (Views: 24.0ms | Allocations: 26244)


Started POST "/posts" for 127.0.0.1 at 2022-01-11 17:41:08 +0300
Processing by PostsController#create as TURBO_STREAM
  Parameters: {"authenticity_token"=>"[FILTERED]", "post"=>{"title"=>"s", "body"=>"ddd"}, "commit"=>"Сохранить"}
  Rendering text template
  Rendered text template (Duration: 0.0ms | Allocations: 2)
Completed 200 OK in 2ms (Views: 0.7ms | Allocations: 481)


Started POST "/posts" for 127.0.0.1 at 2022-01-11 17:41:09 +0300
Processing by PostsController#create as TURBO_STREAM
  Parameters: {"authenticity_token"=>"[FILTERED]", "post"=>{"title"=>"s", "body"=>"ddd"}, "commit"=>"Сохранить"}
  Rendering text template
  Rendered text template (Duration: 0.0ms | Allocations: 2)
Completed 200 OK in 2ms (Views: 0.5ms | Allocations: 446)


Started GET "/posts/new" for 127.0.0.1 at 2022-01-11 17:42:18 +0300
  
SyntaxError (/home/christina/Документы/scorework/app/controllers/posts_controller.rb:12: syntax error, unexpected label, expecting `end'
...: params[:Post].inspect layout: true
...                        ^~~~~~~
):
  
app/controllers/posts_controller.rb:12: syntax error, unexpected label, expecting `end'
app/controllers/posts_controller.rb:12: syntax error, unexpected label, expecting `end'
app/controllers/posts_controller.rb:12: syntax error, unexpected label, expecting `end'
Started GET "/posts/new" for 127.0.0.1 at 2022-01-11 17:42:36 +0300
Processing by PostsController#new as HTML
  Rendering layout layouts/application.html.erb
  Rendering posts/new.html.erb within layouts/application
  Rendered posts/new.html.erb within layouts/application (Duration: 2.2ms | Allocations: 563)
  Rendered layout layouts/application.html.erb (Duration: 18.2ms | Allocations: 25342)
Completed 200 OK in 21ms (Views: 20.0ms | Allocations: 26230)


Started POST "/posts" for 127.0.0.1 at 2022-01-11 17:42:38 +0300
Processing by PostsController#create as TURBO_STREAM
  Parameters: {"authenticity_token"=>"[FILTERED]", "post"=>{"title"=>"aa", "body"=>"ssss"}, "commit"=>"Сохранить"}
  Rendering text template
  Rendered text template (Duration: 0.0ms | Allocations: 2)
Completed 200 OK in 2ms (Views: 0.6ms | Allocations: 490)


  [1m[35m (0.5ms)[0m  [1m[34mSELECT sqlite_version(*)[0m
  [1m[35m (8.2ms)[0m  [1m[35mCREATE TABLE "schema_migrations" ("version" varchar NOT NULL PRIMARY KEY)[0m
  [1m[35m (8.6ms)[0m  [1m[35mCREATE TABLE "ar_internal_metadata" ("key" varchar NOT NULL PRIMARY KEY, "value" varchar, "created_at" datetime(6) NOT NULL, "updated_at" datetime(6) NOT NULL)[0m
  [1m[36mActiveRecord::SchemaMigration Pluck (0.2ms)[0m  [1m[34mSELECT "schema_migrations"."version" FROM "schema_migrations" ORDER BY "schema_migrations"."version" ASC[0m
Migrating to CreatePosts (20220111144458)
  [1m[36mTRANSACTION (0.1ms)[0m  [1m[36mbegin transaction[0m
  [1m[35m (0.6ms)[0m  [1m[35mCREATE TABLE "posts" ("id" integer PRIMARY KEY AUTOINCREMENT NOT NULL, "title" varchar, "body" text, "created_at" datetime(6) NOT NULL, "updated_at" datetime(6) NOT NULL)[0m
  [1m[36mActiveRecord::SchemaMigration Create (0.3ms)[0m  [1m[32mINSERT INTO "schema_migrations" ("version") VALUES (?)[0m  [["version", "20220111144458"]]
  [1m[36mTRANSACTION (8.2ms)[0m  [1m[36mcommit transaction[0m
  [1m[36mActiveRecord::InternalMetadata Load (0.3ms)[0m  [1m[34mSELECT "ar_internal_metadata".* FROM "ar_internal_metadata" WHERE "ar_internal_metadata"."key" = ? LIMIT ?[0m  [["key", "environment"], ["LIMIT", 1]]
  [1m[36mTRANSACTION (0.1ms)[0m  [1m[36mbegin transaction[0m
  [1m[36mActiveRecord::InternalMetadata Create (0.3ms)[0m  [1m[32mINSERT INTO "ar_internal_metadata" ("key", "value", "created_at", "updated_at") VALUES (?, ?, ?, ?)[0m  [["key", "environment"], ["value", "development"], ["created_at", "2022-01-11 14:46:29.061947"], ["updated_at", "2022-01-11 14:46:29.061947"]]
  [1m[36mTRANSACTION (5.9ms)[0m  [1m[36mcommit transaction[0m
  [1m[35m (0.1ms)[0m  [1m[34mSELECT sqlite_version(*)[0m
  [1m[36mActiveRecord::SchemaMigration Pluck (0.2ms)[0m  [1m[34mSELECT "schema_migrations"."version" FROM "schema_migrations" ORDER BY "schema_migrations"."version" ASC[0m
Started POST "/posts" for 127.0.0.1 at 2022-01-11 17:47:43 +0300
  [1m[35m (0.1ms)[0m  [1m[34mSELECT sqlite_version(*)[0m
  [1m[36mActiveRecord::SchemaMigration Pluck (0.1ms)[0m  [1m[34mSELECT "schema_migrations"."version" FROM "schema_migrations" ORDER BY "schema_migrations"."version" ASC[0m
Processing by PostsController#create as TURBO_STREAM
  Parameters: {"authenticity_token"=>"[FILTERED]", "post"=>{"title"=>"aa", "body"=>"ssss"}, "commit"=>"Сохранить"}
Completed 500 Internal Server Error in 18ms (ActiveRecord: 0.4ms | Allocations: 6293)


  
ActiveModel::ForbiddenAttributesError (ActiveModel::ForbiddenAttributesError):
  
app/controllers/posts_controller.rb:11:in `create'
Started GET "/posts/new" for 127.0.0.1 at 2022-01-11 17:54:31 +0300
Processing by PostsController#new as HTML
  Rendering layout layouts/application.html.erb
  Rendering posts/new.html.erb within layouts/application
  Rendered posts/new.html.erb within layouts/application (Duration: 3.5ms | Allocations: 798)
  Rendered layout layouts/application.html.erb (Duration: 25.4ms | Allocations: 25795)
Completed 200 OK in 30ms (Views: 28.9ms | Allocations: 27017)


Started POST "/posts" for 127.0.0.1 at 2022-01-11 17:55:02 +0300
Processing by PostsController#create as TURBO_STREAM
  Parameters: {"authenticity_token"=>"[FILTERED]", "post"=>{"title"=>"Пост первый", "body"=>"Пост о проверке работы"}, "commit"=>"Сохранить"}
  [1m[35m (0.1ms)[0m  [1m[34mSELECT sqlite_version(*)[0m
  ↳ app/controllers/posts_controller.rb:15:in `create'
  [1m[36mTRANSACTION (0.1ms)[0m  [1m[36mbegin transaction[0m
  ↳ app/controllers/posts_controller.rb:17:in `create'
  [1m[36mPost Create (0.3ms)[0m  [1m[32mINSERT INTO "posts" ("title", "body", "created_at", "updated_at") VALUES (?, ?, ?, ?)[0m  [["title", "Пост первый"], ["body", "Пост о проверке работы"], ["created_at", "2022-01-11 14:55:03.014666"], ["updated_at", "2022-01-11 14:55:03.014666"]]
  ↳ app/controllers/posts_controller.rb:17:in `create'
  [1m[36mTRANSACTION (5.4ms)[0m  [1m[36mcommit transaction[0m
  ↳ app/controllers/posts_controller.rb:17:in `create'
Redirected to http://127.0.0.1:3000/posts/1
Completed 302 Found in 25ms (ActiveRecord: 6.3ms | Allocations: 7776)


Started GET "/posts/1" for 127.0.0.1 at 2022-01-11 17:55:03 +0300
Processing by PostsController#show as TURBO_STREAM
  Parameters: {"id"=>"1"}
  [1m[36mPost Load (0.2ms)[0m  [1m[34mSELECT "posts".* FROM "posts" WHERE "posts"."id" = ? LIMIT ?[0m  [["id", 1], ["LIMIT", 1]]
  ↳ app/controllers/posts_controller.rb:11:in `show'
  Rendering layout layouts/application.html.erb
  Rendering posts/show.html.erb within layouts/application
  Rendered posts/show.html.erb within layouts/application (Duration: 0.5ms | Allocations: 198)
  Rendered layout layouts/application.html.erb (Duration: 3.9ms | Allocations: 4361)
Completed 200 OK in 9ms (Views: 4.4ms | ActiveRecord: 0.2ms | Allocations: 7471)


Started GET "/" for 127.0.0.1 at 2022-01-11 18:05:33 +0300
Processing by PostsController#index as HTML
  Rendering layout layouts/application.html.erb
  Rendering posts/index.html.erb within layouts/application
  [1m[35m (0.1ms)[0m  [1m[34mSELECT sqlite_version(*)[0m
  ↳ app/views/posts/index.html.erb:2
  [1m[36mPost Load (0.2ms)[0m  [1m[34mSELECT "posts".* FROM "posts"[0m
  ↳ app/views/posts/index.html.erb:2
  Rendered posts/index.html.erb within layouts/application (Duration: 11.0ms | Allocations: 6774)
  Rendered layout layouts/application.html.erb (Duration: 11.6ms | Allocations: 6858)
Completed 500 Internal Server Error in 16ms (ActiveRecord: 0.5ms | Allocations: 8745)


  
ActionView::Template::Error (undefined local variable or method `post' for #<ActionView::Base:0x0000000003ea30>
Did you mean?  @post):
    1: <h1>Посты</h1>
    2: <% @post.each do |p| %>
    3:     <h3><%= post.title %></h3>
    4:     <p> <%= post.body %> </p>
    5: <% end %>
  
app/views/posts/index.html.erb:3
app/views/posts/index.html.erb:2
Started GET "/" for 127.0.0.1 at 2022-01-11 18:05:49 +0300
Processing by PostsController#index as HTML
  Rendering layout layouts/application.html.erb
  Rendering posts/index.html.erb within layouts/application
  [1m[36mPost Load (0.2ms)[0m  [1m[34mSELECT "posts".* FROM "posts"[0m
  ↳ app/views/posts/index.html.erb:2
  Rendered posts/index.html.erb within layouts/application (Duration: 7.0ms | Allocations: 3680)
  Rendered layout layouts/application.html.erb (Duration: 7.4ms | Allocations: 3764)
Completed 500 Internal Server Error in 12ms (ActiveRecord: 0.2ms | Allocations: 4886)


  
ActionView::Template::Error (undefined method `title' for #<ActiveRecord::Relation [#<Post id: 1, title: "Пост первый", body: "Пост о проверке работы", created_at: "2022-01-11 14:55:03.014666000 +0000", updated_at: "2022-01-11 14:55:03.014666000 +0000">]>):
    1: <h1>Посты</h1>
    2: <% @post.each do |p| %>
    3:     <h3><%= @post.title %></h3>
    4:     <p> <%= @post.body %> </p>
    5: <% end %>
  
app/views/posts/index.html.erb:3
app/views/posts/index.html.erb:2
Started GET "/posts/1" for 127.0.0.1 at 2022-01-11 18:56:05 +0300
Processing by PostsController#show as HTML
  Parameters: {"id"=>"1"}
  [1m[35m (0.1ms)[0m  [1m[34mSELECT sqlite_version(*)[0m
  ↳ app/controllers/posts_controller.rb:11:in `show'
  [1m[36mPost Load (0.3ms)[0m  [1m[34mSELECT "posts".* FROM "posts" WHERE "posts"."id" = ? LIMIT ?[0m  [["id", 1], ["LIMIT", 1]]
  ↳ app/controllers/posts_controller.rb:11:in `show'
  Rendering layout layouts/application.html.erb
  Rendering posts/show.html.erb within layouts/application
  Rendered posts/show.html.erb within layouts/application (Duration: 0.5ms | Allocations: 155)
  Rendered layout layouts/application.html.erb (Duration: 19.0ms | Allocations: 25323)
Completed 200 OK in 25ms (Views: 19.6ms | ActiveRecord: 0.7ms | Allocations: 27343)


Started GET "/posts/1" for 127.0.0.1 at 2022-01-11 18:56:07 +0300
Processing by PostsController#show as HTML
  Parameters: {"id"=>"1"}
  [1m[36mPost Load (0.1ms)[0m  [1m[34mSELECT "posts".* FROM "posts" WHERE "posts"."id" = ? LIMIT ?[0m  [["id", 1], ["LIMIT", 1]]
  ↳ app/controllers/posts_controller.rb:11:in `show'
  Rendering layout layouts/application.html.erb
  Rendering posts/show.html.erb within layouts/application
  Rendered posts/show.html.erb within layouts/application (Duration: 0.1ms | Allocations: 20)
  Rendered layout layouts/application.html.erb (Duration: 7.2ms | Allocations: 4004)
Completed 200 OK in 10ms (Views: 8.0ms | ActiveRecord: 0.1ms | Allocations: 4782)


Started GET "/posts/1" for 127.0.0.1 at 2022-01-11 18:56:09 +0300
Processing by PostsController#show as HTML
  Parameters: {"id"=>"1"}
  [1m[36mPost Load (0.2ms)[0m  [1m[34mSELECT "posts".* FROM "posts" WHERE "posts"."id" = ? LIMIT ?[0m  [["id", 1], ["LIMIT", 1]]
  ↳ app/controllers/posts_controller.rb:11:in `show'
  Rendering layout layouts/application.html.erb
  Rendering posts/show.html.erb within layouts/application
  Rendered posts/show.html.erb within layouts/application (Duration: 0.1ms | Allocations: 20)
  Rendered layout layouts/application.html.erb (Duration: 4.0ms | Allocations: 4000)
Completed 200 OK in 7ms (Views: 4.6ms | ActiveRecord: 0.2ms | Allocations: 4773)


Started GET "/posts/new" for 127.0.0.1 at 2022-01-11 18:56:12 +0300
Processing by PostsController#new as HTML
  Rendering layout layouts/application.html.erb
  Rendering posts/new.html.erb within layouts/application
  Rendered posts/new.html.erb within layouts/application (Duration: 1.9ms | Allocations: 687)
  Rendered layout layouts/application.html.erb (Duration: 6.0ms | Allocations: 4507)
Completed 200 OK in 8ms (Views: 6.9ms | ActiveRecord: 0.0ms | Allocations: 4885)


Started GET "/" for 127.0.0.1 at 2022-01-11 18:56:46 +0300
Processing by PostsController#index as HTML
  Rendering layout layouts/application.html.erb
  Rendering posts/index.html.erb within layouts/application
  [1m[36mPost Load (0.2ms)[0m  [1m[34mSELECT "posts".* FROM "posts"[0m
  ↳ app/views/posts/index.html.erb:2
  Rendered posts/index.html.erb within layouts/application (Duration: 5.0ms | Allocations: 3291)
  Rendered layout layouts/application.html.erb (Duration: 5.3ms | Allocations: 3369)
Completed 500 Internal Server Error in 7ms (ActiveRecord: 0.2ms | Allocations: 3668)


  
ActionView::Template::Error (undefined method `title' for #<ActiveRecord::Relation [#<Post id: 1, title: "Пост первый", body: "Пост о проверке работы", created_at: "2022-01-11 14:55:03.014666000 +0000", updated_at: "2022-01-11 14:55:03.014666000 +0000">]>):
    1: <h1>Посты</h1>
    2: <% @post.each do |p| %>
    3:     <h3><%= @post.title %></h3>
    4:     <p> <%= @post.body %> </p>
    5: <% end %>
  
app/views/posts/index.html.erb:3
app/views/posts/index.html.erb:2
Started GET "/" for 127.0.0.1 at 2022-01-11 18:57:41 +0300
Processing by PostsController#index as HTML
  Rendering layout layouts/application.html.erb
  Rendering posts/index.html.erb within layouts/application
  [1m[36mPost Load (0.2ms)[0m  [1m[34mSELECT "posts".* FROM "posts"[0m
  ↳ app/views/posts/index.html.erb:2
  Rendered posts/index.html.erb within layouts/application (Duration: 2.2ms | Allocations: 821)
  Rendered layout layouts/application.html.erb (Duration: 6.9ms | Allocations: 5296)
Completed 200 OK in 11ms (Views: 9.1ms | ActiveRecord: 0.2ms | Allocations: 6433)


Started GET "/" for 127.0.0.1 at 2022-01-11 19:08:11 +0300
Processing by PostsController#index as HTML
  Rendering layout layouts/application.html.erb
  Rendering posts/index.html.erb within layouts/application
  [1m[35m (0.1ms)[0m  [1m[34mSELECT sqlite_version(*)[0m
  ↳ app/views/posts/index.html.erb:2
  [1m[36mPost Load (0.2ms)[0m  [1m[34mSELECT "posts".* FROM "posts"[0m
  ↳ app/views/posts/index.html.erb:2
  Rendered posts/index.html.erb within layouts/application (Duration: 5.2ms | Allocations: 1441)
  Rendered layout layouts/application.html.erb (Duration: 6.2ms | Allocations: 2707)
Completed 500 Internal Server Error in 10ms (ActiveRecord: 0.6ms | Allocations: 3831)


  
ActionView::SyntaxErrorInTemplate (Encountered a syntax error while rendering template: check <!DOCTYPE html>
<html>
  <head>
    <title>Scorework</title>
    <meta name="viewport" content="width=device-width,initial-scale=1">
    <%= csrf_meta_tags %>
    <%= csp_meta_tag %>

    <%= stylesheet_link_tag 
        "https://cdn.jsdelivr.net/npm/bootstrap@5.1.3/dist/css/bootstrap.min.css", "data-turbo-track": "reload" %>
    <%= stylesheet_link_tag "application", "data-turbo-track": "reload" %>
    <%= javascript_importmap_tags %>
  </head>

  <body>
    <%= yield %>
  </body>
</html>

):
1:    <!DOCTYPE html>
2:    <html>
3:      <head>
4:        <title>Scorework</title>
5:        <meta name="viewport" content="width=device-width,initial-scale=1">
6:        <%= csrf_meta_tags %>
7:        <%= csp_meta_tag %>
8:    
9:        <%= stylesheet_link_tag 
10:            "https://cdn.jsdelivr.net/npm/bootstrap@5.1.3/dist/css/bootstrap.min.css", "data-turbo-track": "reload" %>
11:        <%= stylesheet_link_tag "application", "data-turbo-track": "reload" %>
12:        <%= javascript_importmap_tags %>
13:      </head>
14:    
15:      <body>
16:        <%= yield %>
17:      </body>
18:    </html>
  
app/views/layouts/application.html.erb:10: syntax error, unexpected ',', expecting ')'
app/views/layouts/application.html.erb:10: syntax error, unexpected ',', expecting ')'
app/views/layouts/application.html.erb:10: syntax error, unexpected ',', expecting ')'
app/views/layouts/application.html.erb:10: syntax error, unexpected ',', expecting ')'
app/views/layouts/application.html.erb:10: syntax error, unexpected ',', expecting ')'
app/views/layouts/application.html.erb:10: syntax error, unexpected ',', expecting ')'
Started GET "/" for 127.0.0.1 at 2022-01-11 19:08:29 +0300
Processing by PostsController#index as HTML
  Rendering layout layouts/application.html.erb
  Rendering posts/index.html.erb within layouts/application
  [1m[36mPost Load (0.1ms)[0m  [1m[34mSELECT "posts".* FROM "posts"[0m
  ↳ app/views/posts/index.html.erb:2
  Rendered posts/index.html.erb within layouts/application (Duration: 1.9ms | Allocations: 821)
  Rendered layout layouts/application.html.erb (Duration: 10.9ms | Allocations: 5381)
Completed 200 OK in 14ms (Views: 13.1ms | ActiveRecord: 0.1ms | Allocations: 6540)


Started GET "/" for 127.0.0.1 at 2022-01-11 19:12:52 +0300
Processing by PostsController#index as HTML
  Rendering layout layouts/application.html.erb
  Rendering posts/index.html.erb within layouts/application
  [1m[36mPost Load (0.2ms)[0m  [1m[34mSELECT "posts".* FROM "posts"[0m
  ↳ app/views/posts/index.html.erb:2
  Rendered posts/index.html.erb within layouts/application (Duration: 3.1ms | Allocations: 826)
  Rendered layout layouts/application.html.erb (Duration: 11.5ms | Allocations: 5415)
Completed 200 OK in 16ms (Views: 14.1ms | ActiveRecord: 0.2ms | Allocations: 6578)


Started GET "/" for 127.0.0.1 at 2022-01-11 19:12:58 +0300
Processing by PostsController#index as HTML
  Rendering layout layouts/application.html.erb
  Rendering posts/index.html.erb within layouts/application
  [1m[36mPost Load (0.2ms)[0m  [1m[34mSELECT "posts".* FROM "posts"[0m
  ↳ app/views/posts/index.html.erb:2
  Rendered posts/index.html.erb within layouts/application (Duration: 2.4ms | Allocations: 542)
  Rendered layout layouts/application.html.erb (Duration: 9.3ms | Allocations: 4590)
Completed 200 OK in 11ms (Views: 10.6ms | ActiveRecord: 0.2ms | Allocations: 4945)


Started GET "/" for 127.0.0.1 at 2022-01-11 19:13:04 +0300
Processing by PostsController#index as HTML
  Rendering layout layouts/application.html.erb
  Rendering posts/index.html.erb within layouts/application
  [1m[36mPost Load (0.2ms)[0m  [1m[34mSELECT "posts".* FROM "posts"[0m
  ↳ app/views/posts/index.html.erb:2
  Rendered posts/index.html.erb within layouts/application (Duration: 1.7ms | Allocations: 542)
  Rendered layout layouts/application.html.erb (Duration: 5.4ms | Allocations: 4586)
Completed 200 OK in 7ms (Views: 6.4ms | ActiveRecord: 0.2ms | Allocations: 4920)


Started GET "/" for 127.0.0.1 at 2022-01-11 19:14:27 +0300
Processing by PostsController#index as HTML
  Rendering layout layouts/application.html.erb
  Rendering posts/index.html.erb within layouts/application
  [1m[36mPost Load (0.1ms)[0m  [1m[34mSELECT "posts".* FROM "posts"[0m
  ↳ app/views/posts/index.html.erb:2
  Rendered posts/index.html.erb within layouts/application (Duration: 2.4ms | Allocations: 822)
  Rendered layout layouts/application.html.erb (Duration: 7.8ms | Allocations: 5379)
Completed 200 OK in 13ms (Views: 11.0ms | ActiveRecord: 0.1ms | Allocations: 6521)


Started GET "/" for 127.0.0.1 at 2022-01-11 19:15:12 +0300
Processing by PostsController#index as HTML
  Rendering layout layouts/application.html.erb
  Rendering posts/index.html.erb within layouts/application
  [1m[36mPost Load (0.2ms)[0m  [1m[34mSELECT "posts".* FROM "posts"[0m
  ↳ app/views/posts/index.html.erb:2
  Rendered posts/index.html.erb within layouts/application (Duration: 2.4ms | Allocations: 542)
  Rendered layout layouts/application.html.erb (Duration: 10.2ms | Allocations: 4590)
Completed 200 OK in 12ms (Views: 11.0ms | ActiveRecord: 0.2ms | Allocations: 4945)


Started GET "/" for 127.0.0.1 at 2022-01-11 19:16:32 +0300
Processing by PostsController#index as HTML
  Rendering layout layouts/application.html.erb
  Rendering posts/index.html.erb within layouts/application
  [1m[36mPost Load (0.6ms)[0m  [1m[34mSELECT "posts".* FROM "posts"[0m
  ↳ app/views/posts/index.html.erb:2
  Rendered posts/index.html.erb within layouts/application (Duration: 4.7ms | Allocations: 822)
  Rendered layout layouts/application.html.erb (Duration: 11.6ms | Allocations: 5405)
Completed 200 OK in 16ms (Views: 13.6ms | ActiveRecord: 0.6ms | Allocations: 6547)


Started GET "/" for 127.0.0.1 at 2022-01-11 19:17:02 +0300
Processing by PostsController#index as HTML
  Rendering layout layouts/application.html.erb
  Rendering posts/index.html.erb within layouts/application
  [1m[36mPost Load (0.1ms)[0m  [1m[34mSELECT "posts".* FROM "posts"[0m
  ↳ app/views/posts/index.html.erb:2
  Rendered posts/index.html.erb within layouts/application (Duration: 2.6ms | Allocations: 822)
  Rendered layout layouts/application.html.erb (Duration: 8.0ms | Allocations: 5395)
Completed 200 OK in 13ms (Views: 11.3ms | ActiveRecord: 0.1ms | Allocations: 6558)


Started GET "/" for 127.0.0.1 at 2022-01-11 19:17:03 +0300
Processing by PostsController#index as HTML
  Rendering layout layouts/application.html.erb
  Rendering posts/index.html.erb within layouts/application
  [1m[36mPost Load (0.1ms)[0m  [1m[34mSELECT "posts".* FROM "posts"[0m
  ↳ app/views/posts/index.html.erb:2
  Rendered posts/index.html.erb within layouts/application (Duration: 1.7ms | Allocations: 542)
  Rendered layout layouts/application.html.erb (Duration: 5.8ms | Allocations: 4592)
Completed 200 OK in 7ms (Views: 6.3ms | ActiveRecord: 0.1ms | Allocations: 4947)


Started GET "/" for 127.0.0.1 at 2022-01-11 19:17:03 +0300
Processing by PostsController#index as HTML
  Rendering layout layouts/application.html.erb
  Rendering posts/index.html.erb within layouts/application
  [1m[36mPost Load (0.1ms)[0m  [1m[34mSELECT "posts".* FROM "posts"[0m
  ↳ app/views/posts/index.html.erb:2
  Rendered posts/index.html.erb within layouts/application (Duration: 2.1ms | Allocations: 542)
  Rendered layout layouts/application.html.erb (Duration: 6.2ms | Allocations: 4612)
Completed 200 OK in 8ms (Views: 7.0ms | ActiveRecord: 0.1ms | Allocations: 4946)


Started GET "/" for 127.0.0.1 at 2022-01-11 19:17:25 +0300
Processing by PostsController#index as HTML
  Rendering layout layouts/application.html.erb
  Rendering posts/index.html.erb within layouts/application
  [1m[36mPost Load (0.2ms)[0m  [1m[34mSELECT "posts".* FROM "posts"[0m
  ↳ app/views/posts/index.html.erb:2
  Rendered posts/index.html.erb within layouts/application (Duration: 4.0ms | Allocations: 822)
  Rendered layout layouts/application.html.erb (Duration: 14.1ms | Allocations: 5383)
Completed 200 OK in 18ms (Views: 16.7ms | ActiveRecord: 0.2ms | Allocations: 6525)


Started GET "/" for 127.0.0.1 at 2022-01-11 19:18:21 +0300
Processing by PostsController#index as HTML
  Rendering layout layouts/application.html.erb
  Rendering posts/index.html.erb within layouts/application
  [1m[36mPost Load (0.2ms)[0m  [1m[34mSELECT "posts".* FROM "posts"[0m
  ↳ app/views/posts/index.html.erb:2
  Rendered posts/index.html.erb within layouts/application (Duration: 4.0ms | Allocations: 822)
  Rendered layout layouts/application.html.erb (Duration: 12.2ms | Allocations: 5390)
Completed 200 OK in 15ms (Views: 14.0ms | ActiveRecord: 0.2ms | Allocations: 6553)


Started GET "/" for 127.0.0.1 at 2022-01-11 19:19:46 +0300
Processing by PostsController#index as HTML
  Rendering layout layouts/application.html.erb
  Rendering posts/index.html.erb within layouts/application
  [1m[36mPost Load (0.2ms)[0m  [1m[34mSELECT "posts".* FROM "posts"[0m
  ↳ app/views/posts/index.html.erb:2
  Rendered posts/index.html.erb within layouts/application (Duration: 3.3ms | Allocations: 822)
  Rendered layout layouts/application.html.erb (Duration: 9.6ms | Allocations: 5392)
Completed 200 OK in 14ms (Views: 12.2ms | ActiveRecord: 0.2ms | Allocations: 6555)


Started GET "/" for 127.0.0.1 at 2022-01-11 19:20:34 +0300
Processing by PostsController#index as HTML
  Rendering layout layouts/application.html.erb
  Rendering posts/index.html.erb within layouts/application
  [1m[36mPost Load (0.1ms)[0m  [1m[34mSELECT "posts".* FROM "posts"[0m
  ↳ app/views/posts/index.html.erb:2
  Rendered posts/index.html.erb within layouts/application (Duration: 2.0ms | Allocations: 823)
  Rendered layout layouts/application.html.erb (Duration: 8.4ms | Allocations: 5391)
Completed 200 OK in 13ms (Views: 11.1ms | ActiveRecord: 0.1ms | Allocations: 6555)


Started GET "/" for 127.0.0.1 at 2022-01-11 19:26:53 +0300
  
SyntaxError (/home/christina/Документы/scorework/config/routes.rb:2: syntax error, unexpected string literal, expecting `do' or '{' or '('
root 'posts#index', as 'home'
                       ^
):
  
config/routes.rb:2: syntax error, unexpected string literal, expecting `do' or '{' or '('
config/routes.rb:2: syntax error, unexpected string literal, expecting `do' or '{' or '('
config/routes.rb:2: syntax error, unexpected string literal, expecting `do' or '{' or '('
Started GET "/" for 127.0.0.1 at 2022-01-11 19:27:39 +0300
  
SyntaxError (/home/christina/Документы/scorework/config/routes.rb:2: syntax error, unexpected local variable or method, expecting `end'
root 'posts#index' as 'home'
                   ^~
/home/christina/Документы/scorework/config/routes.rb:6: syntax error, unexpected `end', expecting end-of-input):
  
config/routes.rb:2: syntax error, unexpected local variable or method, expecting `end'
config/routes.rb:6: syntax error, unexpected `end', expecting end-of-input
config/routes.rb:2: syntax error, unexpected local variable or method, expecting `end'
config/routes.rb:6: syntax error, unexpected `end', expecting end-of-input
config/routes.rb:2: syntax error, unexpected local variable or method, expecting `end'
config/routes.rb:6: syntax error, unexpected `end', expecting end-of-input
Started GET "/" for 127.0.0.1 at 2022-01-11 19:28:20 +0300
  
SyntaxError (/home/christina/Документы/scorework/config/routes.rb:2: syntax error, unexpected string literal, expecting `do' or '{' or '('
root 'posts#index', as 'home'
                       ^
):
  
config/routes.rb:2: syntax error, unexpected string literal, expecting `do' or '{' or '('
config/routes.rb:2: syntax error, unexpected string literal, expecting `do' or '{' or '('
config/routes.rb:2: syntax error, unexpected string literal, expecting `do' or '{' or '('
Started GET "/" for 127.0.0.1 at 2022-01-11 19:31:36 +0300
  
SyntaxError (/home/christina/Документы/scorework/config/routes.rb:2: syntax error, unexpected string literal, expecting `end'
root 'posts#index', :as 'home'
                        ^
/home/christina/Документы/scorework/config/routes.rb:6: syntax error, unexpected `end', expecting end-of-input):
  
config/routes.rb:2: syntax error, unexpected string literal, expecting `end'
config/routes.rb:6: syntax error, unexpected `end', expecting end-of-input
config/routes.rb:2: syntax error, unexpected string literal, expecting `end'
config/routes.rb:6: syntax error, unexpected `end', expecting end-of-input
config/routes.rb:2: syntax error, unexpected string literal, expecting `end'
config/routes.rb:6: syntax error, unexpected `end', expecting end-of-input
Started GET "/" for 127.0.0.1 at 2022-01-11 19:32:49 +0300
  
SyntaxError (/home/christina/Документы/scorework/config/routes.rb:2: syntax error, unexpected string literal, expecting `do' or '{' or '('
root 'posts#index', as 'home'
                       ^
):
  
config/routes.rb:2: syntax error, unexpected string literal, expecting `do' or '{' or '('
config/routes.rb:2: syntax error, unexpected string literal, expecting `do' or '{' or '('
config/routes.rb:2: syntax error, unexpected string literal, expecting `do' or '{' or '('
Started GET "/" for 127.0.0.1 at 2022-01-11 19:33:27 +0300
Processing by PostsController#index as HTML
  Rendering layout layouts/application.html.erb
  Rendering posts/index.html.erb within layouts/application
  [1m[35m (0.1ms)[0m  [1m[34mSELECT sqlite_version(*)[0m
  ↳ app/views/posts/index.html.erb:2
  [1m[36mPost Load (0.1ms)[0m  [1m[34mSELECT "posts".* FROM "posts"[0m
  ↳ app/views/posts/index.html.erb:2
  Rendered posts/index.html.erb within layouts/application (Duration: 5.6ms | Allocations: 2543)
  Rendered layout layouts/application.html.erb (Duration: 24.4ms | Allocations: 28017)
Completed 200 OK in 30ms (Views: 26.1ms | ActiveRecord: 0.4ms | Allocations: 29888)


Started GET "/" for 127.0.0.1 at 2022-01-11 19:33:55 +0300
Processing by PostsController#index as HTML
  Rendering layout layouts/application.html.erb
  Rendering posts/index.html.erb within layouts/application
  [1m[36mPost Load (0.1ms)[0m  [1m[34mSELECT "posts".* FROM "posts"[0m
  ↳ app/views/posts/index.html.erb:2
  Rendered posts/index.html.erb within layouts/application (Duration: 3.0ms | Allocations: 821)
  Rendered layout layouts/application.html.erb (Duration: 7.4ms | Allocations: 5489)
Completed 200 OK in 12ms (Views: 10.5ms | ActiveRecord: 0.1ms | Allocations: 6650)


Started GET "/" for 127.0.0.1 at 2022-01-11 19:34:54 +0300
Processing by PostsController#index as HTML
  Rendering layout layouts/application.html.erb
  Rendering posts/index.html.erb within layouts/application
  [1m[36mPost Load (0.2ms)[0m  [1m[34mSELECT "posts".* FROM "posts"[0m
  ↳ app/views/posts/index.html.erb:1
  Rendered posts/index.html.erb within layouts/application (Duration: 11.4ms | Allocations: 816)
  Rendered layout layouts/application.html.erb (Duration: 20.3ms | Allocations: 5499)
Completed 200 OK in 34ms (Views: 32.1ms | ActiveRecord: 0.2ms | Allocations: 6662)


Started GET "/posts/new" for 127.0.0.1 at 2022-01-11 19:44:52 +0300
Processing by PostsController#new as HTML
  Rendering layout layouts/application.html.erb
  Rendering posts/new.html.erb within layouts/application
  Rendered posts/new.html.erb within layouts/application (Duration: 2.7ms | Allocations: 662)
  Rendered layout layouts/application.html.erb (Duration: 9.2ms | Allocations: 4572)
Completed 200 OK in 11ms (Views: 10.4ms | Allocations: 4964)


Started GET "/" for 127.0.0.1 at 2022-01-11 19:45:09 +0300
Processing by PostsController#index as HTML
  Rendering layout layouts/application.html.erb
  Rendering posts/index.html.erb within layouts/application
  [1m[35m (0.1ms)[0m  [1m[34mSELECT sqlite_version(*)[0m
  ↳ app/views/posts/index.html.erb:1
  [1m[36mPost Load (0.3ms)[0m  [1m[34mSELECT "posts".* FROM "posts"[0m
  ↳ app/views/posts/index.html.erb:1
  Rendered posts/index.html.erb within layouts/application (Duration: 5.5ms | Allocations: 1160)
  Rendered layout layouts/application.html.erb (Duration: 12.5ms | Allocations: 5248)
Completed 200 OK in 14ms (Views: 13.4ms | ActiveRecord: 0.8ms | Allocations: 5587)


Started GET "/posts/new" for 127.0.0.1 at 2022-01-11 19:45:12 +0300
Processing by PostsController#new as HTML
  Rendering layout layouts/application.html.erb
  Rendering posts/new.html.erb within layouts/application
  Rendered posts/new.html.erb within layouts/application (Duration: 1.3ms | Allocations: 422)
  Rendered layout layouts/application.html.erb (Duration: 6.2ms | Allocations: 4332)
Completed 200 OK in 8ms (Views: 7.0ms | ActiveRecord: 0.0ms | Allocations: 4658)


Started POST "/posts" for 127.0.0.1 at 2022-01-11 19:45:29 +0300
Processing by PostsController#create as TURBO_STREAM
  Parameters: {"authenticity_token"=>"[FILTERED]", "post"=>{"title"=>"Пост второй", "body"=>"С надеждой на корректность!"}, "commit"=>"Сохранить"}
  [1m[36mTRANSACTION (0.1ms)[0m  [1m[36mbegin transaction[0m
  ↳ app/controllers/posts_controller.rb:17:in `create'
  [1m[36mPost Create (0.2ms)[0m  [1m[32mINSERT INTO "posts" ("title", "body", "created_at", "updated_at") VALUES (?, ?, ?, ?)[0m  [["title", "Пост второй"], ["body", "С надеждой на корректность!"], ["created_at", "2022-01-11 16:45:29.905872"], ["updated_at", "2022-01-11 16:45:29.905872"]]
  ↳ app/controllers/posts_controller.rb:17:in `create'
  [1m[36mTRANSACTION (7.5ms)[0m  [1m[36mcommit transaction[0m
  ↳ app/controllers/posts_controller.rb:17:in `create'
Redirected to http://127.0.0.1:3000/posts/2
Completed 302 Found in 13ms (ActiveRecord: 7.8ms | Allocations: 2385)


Started GET "/posts/2" for 127.0.0.1 at 2022-01-11 19:45:29 +0300
Processing by PostsController#show as TURBO_STREAM
  Parameters: {"id"=>"2"}
  [1m[36mPost Load (0.3ms)[0m  [1m[34mSELECT "posts".* FROM "posts" WHERE "posts"."id" = ? LIMIT ?[0m  [["id", 2], ["LIMIT", 1]]
  ↳ app/controllers/posts_controller.rb:11:in `show'
  Rendering layout layouts/application.html.erb
  Rendering posts/show.html.erb within layouts/application
  Rendered posts/show.html.erb within layouts/application (Duration: 0.6ms | Allocations: 151)
  Rendered layout layouts/application.html.erb (Duration: 4.6ms | Allocations: 4229)
Completed 200 OK in 9ms (Views: 5.3ms | ActiveRecord: 0.3ms | Allocations: 5734)


Started GET "/" for 127.0.0.1 at 2022-01-11 19:45:31 +0300
Processing by PostsController#index as HTML
  Rendering layout layouts/application.html.erb
  Rendering posts/index.html.erb within layouts/application
  [1m[36mPost Load (0.1ms)[0m  [1m[34mSELECT "posts".* FROM "posts"[0m
  ↳ app/views/posts/index.html.erb:1
  Rendered posts/index.html.erb within layouts/application (Duration: 1.8ms | Allocations: 558)
  Rendered layout layouts/application.html.erb (Duration: 5.8ms | Allocations: 4656)
Completed 200 OK in 8ms (Views: 6.8ms | ActiveRecord: 0.1ms | Allocations: 4993)


Started GET "/" for 127.0.0.1 at 2022-01-11 19:45:51 +0300
Processing by PostsController#index as HTML
  Rendering layout layouts/application.html.erb
  Rendering posts/index.html.erb within layouts/application
  [1m[36mPost Load (0.1ms)[0m  [1m[34mSELECT "posts".* FROM "posts"[0m
  ↳ app/views/posts/index.html.erb:1
  Rendered posts/index.html.erb within layouts/application (Duration: 2.4ms | Allocations: 830)
  Rendered layout layouts/application.html.erb (Duration: 7.1ms | Allocations: 5509)
Completed 200 OK in 11ms (Views: 9.5ms | ActiveRecord: 0.1ms | Allocations: 6650)


Started GET "/" for 127.0.0.1 at 2022-01-11 19:47:46 +0300
Processing by PostsController#index as HTML
  Rendering layout layouts/application.html.erb
  Rendering posts/index.html.erb within layouts/application
  [1m[36mPost Load (0.2ms)[0m  [1m[34mSELECT "posts".* FROM "posts"[0m
  ↳ app/views/posts/index.html.erb:1
  Rendered posts/index.html.erb within layouts/application (Duration: 3.0ms | Allocations: 829)
  Rendered layout layouts/application.html.erb (Duration: 10.9ms | Allocations: 5533)
Completed 200 OK in 14ms (Views: 13.0ms | ActiveRecord: 0.2ms | Allocations: 6696)


Started GET "/posts/new" for 127.0.0.1 at 2022-01-11 19:48:19 +0300
Processing by PostsController#new as HTML
  Rendering layout layouts/application.html.erb
  Rendering posts/new.html.erb within layouts/application
  Rendered posts/new.html.erb within layouts/application (Duration: 2.2ms | Allocations: 656)
  Rendered layout layouts/application.html.erb (Duration: 7.6ms | Allocations: 4569)
Completed 200 OK in 9ms (Views: 8.6ms | ActiveRecord: 0.0ms | Allocations: 4965)


Started POST "/posts" for 127.0.0.1 at 2022-01-11 19:48:42 +0300
Processing by PostsController#create as TURBO_STREAM
  Parameters: {"authenticity_token"=>"[FILTERED]", "post"=>{"title"=>"Третий Пост", "body"=>"С уверенностью в завтрашнем дне"}, "commit"=>"Сохранить"}
  [1m[36mTRANSACTION (0.1ms)[0m  [1m[36mbegin transaction[0m
  ↳ app/controllers/posts_controller.rb:17:in `create'
  [1m[36mPost Create (0.5ms)[0m  [1m[32mINSERT INTO "posts" ("title", "body", "created_at", "updated_at") VALUES (?, ?, ?, ?)[0m  [["title", "Третий Пост"], ["body", "С уверенностью в завтрашнем дне"], ["created_at", "2022-01-11 16:48:42.812720"], ["updated_at", "2022-01-11 16:48:42.812720"]]
  ↳ app/controllers/posts_controller.rb:17:in `create'
  [1m[36mTRANSACTION (5.6ms)[0m  [1m[36mcommit transaction[0m
  ↳ app/controllers/posts_controller.rb:17:in `create'
Redirected to http://127.0.0.1:3000/posts/3
Completed 302 Found in 13ms (ActiveRecord: 6.2ms | Allocations: 2266)


Started GET "/posts/3" for 127.0.0.1 at 2022-01-11 19:48:42 +0300
Processing by PostsController#show as TURBO_STREAM
  Parameters: {"id"=>"3"}
  [1m[36mPost Load (0.1ms)[0m  [1m[34mSELECT "posts".* FROM "posts" WHERE "posts"."id" = ? LIMIT ?[0m  [["id", 3], ["LIMIT", 1]]
  ↳ app/controllers/posts_controller.rb:11:in `show'
  Rendering layout layouts/application.html.erb
  Rendering posts/show.html.erb within layouts/application
  Rendered posts/show.html.erb within layouts/application (Duration: 0.4ms | Allocations: 150)
  Rendered layout layouts/application.html.erb (Duration: 39.6ms | Allocations: 4246)
Completed 200 OK in 49ms (Views: 40.2ms | ActiveRecord: 0.1ms | Allocations: 5140)


Started GET "/posts/new" for 127.0.0.1 at 2022-01-11 19:48:46 +0300
Processing by PostsController#new as HTML
  Rendering layout layouts/application.html.erb
  Rendering posts/new.html.erb within layouts/application
  Rendered posts/new.html.erb within layouts/application (Duration: 0.9ms | Allocations: 412)
  Rendered layout layouts/application.html.erb (Duration: 5.7ms | Allocations: 4327)
Completed 200 OK in 7ms (Views: 6.4ms | ActiveRecord: 0.0ms | Allocations: 4653)


Started GET "/" for 127.0.0.1 at 2022-01-11 19:48:47 +0300
Processing by PostsController#index as HTML
  Rendering layout layouts/application.html.erb
  Rendering posts/index.html.erb within layouts/application
  [1m[36mPost Load (0.3ms)[0m  [1m[34mSELECT "posts".* FROM "posts"[0m
  ↳ app/views/posts/index.html.erb:1
  Rendered posts/index.html.erb within layouts/application (Duration: 2.7ms | Allocations: 574)
  Rendered layout layouts/application.html.erb (Duration: 9.7ms | Allocations: 4686)
Completed 200 OK in 11ms (Views: 10.4ms | ActiveRecord: 0.3ms | Allocations: 5025)


Started GET "/" for 127.0.0.1 at 2022-01-11 19:51:35 +0300
Processing by PostsController#index as HTML
  Rendering layout layouts/application.html.erb
  Rendering posts/index.html.erb within layouts/application
  [1m[35m (0.1ms)[0m  [1m[34mSELECT sqlite_version(*)[0m
  ↳ app/views/posts/index.html.erb:1
  [1m[36mPost Load (0.3ms)[0m  [1m[34mSELECT "posts".* FROM "posts"[0m
  ↳ app/views/posts/index.html.erb:1
  Rendered posts/index.html.erb within layouts/application (Duration: 6.3ms | Allocations: 2966)
  Rendered layout layouts/application.html.erb (Duration: 24.4ms | Allocations: 28458)
Completed 200 OK in 29ms (Views: 26.4ms | ActiveRecord: 1.0ms | Allocations: 30375)


Started GET "/about" for 127.0.0.1 at 2022-01-11 19:51:38 +0300
Processing by PagesController#about as HTML
  Rendering layout layouts/application.html.erb
  Rendering pages/about.html.erb within layouts/application
  Rendered pages/about.html.erb within layouts/application (Duration: 1.0ms | Allocations: 178)
  Rendered layout layouts/application.html.erb (Duration: 5.0ms | Allocations: 4596)
Completed 200 OK in 8ms (Views: 7.0ms | ActiveRecord: 0.0ms | Allocations: 5625)


Started GET "/" for 127.0.0.1 at 2022-01-11 19:53:12 +0300
Processing by PostsController#index as HTML
  Rendering layout layouts/application.html.erb
  Rendering posts/index.html.erb within layouts/application
  [1m[36mPost Load (0.2ms)[0m  [1m[34mSELECT "posts".* FROM "posts"[0m
  ↳ app/views/posts/index.html.erb:1
  Rendered posts/index.html.erb within layouts/application (Duration: 2.3ms | Allocations: 636)
  Rendered layout layouts/application.html.erb (Duration: 7.9ms | Allocations: 4741)
Completed 200 OK in 10ms (Views: 8.6ms | ActiveRecord: 0.2ms | Allocations: 5098)


Started GET "/posts/new" for 127.0.0.1 at 2022-01-11 19:56:27 +0300
Processing by PostsController#new as HTML
  Rendering layout layouts/application.html.erb
  Rendering posts/new.html.erb within layouts/application
  Rendered posts/new.html.erb within layouts/application (Duration: 1.6ms | Allocations: 792)
  Rendered layout layouts/application.html.erb (Duration: 6.2ms | Allocations: 5224)
Completed 200 OK in 9ms (Views: 8.1ms | ActiveRecord: 0.0ms | Allocations: 6383)


Started GET "/posts/new" for 127.0.0.1 at 2022-01-11 19:57:11 +0300
Processing by PostsController#new as HTML
  Rendering layout layouts/application.html.erb
  Rendering posts/new.html.erb within layouts/application
  Rendered posts/new.html.erb within layouts/application (Duration: 1.1ms | Allocations: 1227)
  Rendered layout layouts/application.html.erb (Duration: 1.3ms | Allocations: 1312)
Completed 500 Internal Server Error in 4ms (ActiveRecord: 0.0ms | Allocations: 2433)


  
ActionView::SyntaxErrorInTemplate (Encountered a syntax error while rendering template: check <h2>Добавить новый пост!</h2>
<%= form_for :post, url: posts_path do |f| %>
    <p>Назови пост!<br>
    <%= f.text_field(:title, {:class => 'form-control'}) %>
    </p>
    <p>Расскажи, о чём пост?<br>
    <%= f.text_area(:body, {:class => 'form-control'}) %>
    </p>
    <p>
    <%= f.submit (:Сохранить, {:class => 'form-control'}) %>
    </p>
<% end %>
):
1:    <h2>Добавить новый пост!</h2>
2:    <%= form_for :post, url: posts_path do |f| %>
3:        <p>Назови пост!<br>
4:        <%= f.text_field(:title, {:class => 'form-control'}) %>
5:        </p>
6:        <p>Расскажи, о чём пост?<br>
7:        <%= f.text_area(:body, {:class => 'form-control'}) %>
8:        </p>
9:        <p>
10:        <%= f.submit (:Сохранить, {:class => 'form-control'}) %>
11:        </p>
12:    <% end %>
  
app/views/posts/new.html.erb:10: syntax error, unexpected ',', expecting ')'
app/views/posts/new.html.erb:10: syntax error, unexpected '}', expecting ')'
app/views/posts/new.html.erb:12: syntax error, unexpected `end', expecting ')'
app/views/posts/new.html.erb:14: syntax error, unexpected `end', expecting ')'
app/views/posts/new.html.erb:10: syntax error, unexpected ',', expecting ')'
app/views/posts/new.html.erb:10: syntax error, unexpected '}', expecting ')'
app/views/posts/new.html.erb:12: syntax error, unexpected `end', expecting ')'
app/views/posts/new.html.erb:14: syntax error, unexpected `end', expecting ')'
app/views/posts/new.html.erb:10: syntax error, unexpected ',', expecting ')'
app/views/posts/new.html.erb:10: syntax error, unexpected '}', expecting ')'
app/views/posts/new.html.erb:12: syntax error, unexpected `end', expecting ')'
app/views/posts/new.html.erb:14: syntax error, unexpected `end', expecting ')'
app/views/posts/new.html.erb:10: syntax error, unexpected ',', expecting ')'
app/views/posts/new.html.erb:10: syntax error, unexpected '}', expecting ')'
app/views/posts/new.html.erb:12: syntax error, unexpected `end', expecting ')'
app/views/posts/new.html.erb:14: syntax error, unexpected `end', expecting ')'
app/views/posts/new.html.erb:10: syntax error, unexpected ',', expecting ')'
app/views/posts/new.html.erb:10: syntax error, unexpected '}', expecting ')'
app/views/posts/new.html.erb:12: syntax error, unexpected `end', expecting ')'
app/views/posts/new.html.erb:14: syntax error, unexpected `end', expecting ')'
app/views/posts/new.html.erb:10: syntax error, unexpected ',', expecting ')'
app/views/posts/new.html.erb:10: syntax error, unexpected '}', expecting ')'
app/views/posts/new.html.erb:12: syntax error, unexpected `end', expecting ')'
app/views/posts/new.html.erb:14: syntax error, unexpected `end', expecting ')'
Started GET "/posts/new" for 127.0.0.1 at 2022-01-11 19:57:20 +0300
Processing by PostsController#new as HTML
  Rendering layout layouts/application.html.erb
  Rendering posts/new.html.erb within layouts/application
  Rendered posts/new.html.erb within layouts/application (Duration: 10.7ms | Allocations: 3766)
  Rendered layout layouts/application.html.erb (Duration: 18.5ms | Allocations: 8251)
Completed 200 OK in 23ms (Views: 21.6ms | ActiveRecord: 0.0ms | Allocations: 9402)


Started POST "/posts" for 127.0.0.1 at 2022-01-11 19:58:40 +0300
Processing by PostsController#create as TURBO_STREAM
  Parameters: {"authenticity_token"=>"[FILTERED]", "post"=>{"title"=>"Четвёртый пост!", "body"=>"Вдруг я что-то сломала? Необходимо убедиться, что нет."}, "commit"=>"Save Post"}
  [1m[36mTRANSACTION (0.1ms)[0m  [1m[36mbegin transaction[0m
  ↳ app/controllers/posts_controller.rb:17:in `create'
  [1m[36mPost Create (0.4ms)[0m  [1m[32mINSERT INTO "posts" ("title", "body", "created_at", "updated_at") VALUES (?, ?, ?, ?)[0m  [["title", "Четвёртый пост!"], ["body", "Вдруг я что-то сломала? Необходимо убедиться, что нет."], ["created_at", "2022-01-11 16:58:40.529191"], ["updated_at", "2022-01-11 16:58:40.529191"]]
  ↳ app/controllers/posts_controller.rb:17:in `create'
  [1m[36mTRANSACTION (5.7ms)[0m  [1m[36mcommit transaction[0m
  ↳ app/controllers/posts_controller.rb:17:in `create'
Redirected to http://127.0.0.1:3000/posts/4
Completed 302 Found in 14ms (ActiveRecord: 6.3ms | Allocations: 2418)


Started GET "/posts/4" for 127.0.0.1 at 2022-01-11 19:58:40 +0300
Processing by PostsController#show as TURBO_STREAM
  Parameters: {"id"=>"4"}
  [1m[36mPost Load (0.5ms)[0m  [1m[34mSELECT "posts".* FROM "posts" WHERE "posts"."id" = ? LIMIT ?[0m  [["id", 4], ["LIMIT", 1]]
  ↳ app/controllers/posts_controller.rb:11:in `show'
  Rendering layout layouts/application.html.erb
  Rendering posts/show.html.erb within layouts/application
  Rendered posts/show.html.erb within layouts/application (Duration: 0.7ms | Allocations: 152)
  Rendered layout layouts/application.html.erb (Duration: 4.2ms | Allocations: 4256)
Completed 200 OK in 11ms (Views: 4.8ms | ActiveRecord: 0.5ms | Allocations: 5835)


Started GET "/" for 127.0.0.1 at 2022-01-11 19:58:44 +0300
Processing by PostsController#index as HTML
  Rendering layout layouts/application.html.erb
  Rendering posts/index.html.erb within layouts/application
  [1m[36mPost Load (0.2ms)[0m  [1m[34mSELECT "posts".* FROM "posts"[0m
  ↳ app/views/posts/index.html.erb:1
  Rendered posts/index.html.erb within layouts/application (Duration: 2.5ms | Allocations: 754)
  Rendered layout layouts/application.html.erb (Duration: 7.2ms | Allocations: 4873)
Completed 200 OK in 9ms (Views: 7.9ms | ActiveRecord: 0.2ms | Allocations: 5264)


Started GET "/" for 127.0.0.1 at 2022-01-11 20:24:27 +0300
Processing by PostsController#index as HTML
  Rendering layout layouts/application.html.erb
  Rendering posts/index.html.erb within layouts/application
  [1m[35m (0.1ms)[0m  [1m[34mSELECT sqlite_version(*)[0m
  ↳ app/views/posts/index.html.erb:1
  [1m[36mPost Load (0.2ms)[0m  [1m[34mSELECT "posts".* FROM "posts"[0m
  ↳ app/views/posts/index.html.erb:1
  Rendered posts/index.html.erb within layouts/application (Duration: 5.8ms | Allocations: 2584)
  Rendered layout layouts/application.html.erb (Duration: 25.6ms | Allocations: 28081)
Completed 200 OK in 31ms (Views: 27.8ms | ActiveRecord: 0.5ms | Allocations: 30170)


Started GET "/posts/new" for 127.0.0.1 at 2022-01-11 20:24:29 +0300
Processing by PostsController#new as HTML
  Rendering layout layouts/application.html.erb
  Rendering posts/new.html.erb within layouts/application
  Rendered posts/new.html.erb within layouts/application (Duration: 10.5ms | Allocations: 927)
  Rendered layout layouts/application.html.erb (Duration: 26.5ms | Allocations: 4865)
Completed 200 OK in 29ms (Views: 27.4ms | ActiveRecord: 0.0ms | Allocations: 5292)


Started POST "/posts" for 127.0.0.1 at 2022-01-11 20:24:44 +0300
Processing by PostsController#create as TURBO_STREAM
  Parameters: {"authenticity_token"=>"[FILTERED]", "post"=>{"title"=>"", "body"=>"а если это вывелось то у меня проблемы"}, "commit"=>"Save Post"}
  Rendering layout layouts/application.html.erb
  Rendering posts/new.html.erb within layouts/application
  Rendered posts/new.html.erb within layouts/application (Duration: 5.2ms | Allocations: 1807)
  Rendered layout layouts/application.html.erb (Duration: 9.7ms | Allocations: 5797)
Completed 200 OK in 14ms (Views: 10.7ms | ActiveRecord: 0.0ms | Allocations: 7131)


Started POST "/posts" for 127.0.0.1 at 2022-01-11 20:24:47 +0300
Processing by PostsController#create as TURBO_STREAM
  Parameters: {"authenticity_token"=>"[FILTERED]", "post"=>{"title"=>"", "body"=>"а если это вывелось то у меня проблемы"}, "commit"=>"Save Post"}
  Rendering layout layouts/application.html.erb
  Rendering posts/new.html.erb within layouts/application
  Rendered posts/new.html.erb within layouts/application (Duration: 2.6ms | Allocations: 1595)
  Rendered layout layouts/application.html.erb (Duration: 6.4ms | Allocations: 5594)
Completed 200 OK in 9ms (Views: 7.1ms | ActiveRecord: 0.0ms | Allocations: 6683)


Started POST "/posts" for 127.0.0.1 at 2022-01-11 20:25:44 +0300
Processing by PostsController#create as TURBO_STREAM
  Parameters: {"authenticity_token"=>"[FILTERED]", "post"=>{"title"=>"", "body"=>""}, "commit"=>"Save Post"}
  Rendering layout layouts/application.html.erb
  Rendering posts/new.html.erb within layouts/application
  Rendered posts/new.html.erb within layouts/application (Duration: 5.5ms | Allocations: 1594)
  Rendered layout layouts/application.html.erb (Duration: 9.3ms | Allocations: 5584)
Completed 200 OK in 13ms (Views: 10.2ms | ActiveRecord: 0.0ms | Allocations: 6664)


Started GET "/" for 127.0.0.1 at 2022-01-11 20:26:01 +0300
Processing by PostsController#index as HTML
  Rendering layout layouts/application.html.erb
  Rendering posts/index.html.erb within layouts/application
  [1m[36mPost Load (0.2ms)[0m  [1m[34mSELECT "posts".* FROM "posts"[0m
  ↳ app/views/posts/index.html.erb:1
  Rendered posts/index.html.erb within layouts/application (Duration: 2.6ms | Allocations: 595)
  Rendered layout layouts/application.html.erb (Duration: 7.6ms | Allocations: 4714)
Completed 200 OK in 9ms (Views: 8.3ms | ActiveRecord: 0.2ms | Allocations: 5053)


Started GET "/" for 127.0.0.1 at 2022-01-11 20:35:11 +0300
Processing by PostsController#index as HTML
  Rendering layout layouts/application.html.erb
  Rendering posts/index.html.erb within layouts/application
  [1m[35m (0.1ms)[0m  [1m[34mSELECT sqlite_version(*)[0m
  ↳ app/views/posts/index.html.erb:1
  [1m[36mPost Load (0.2ms)[0m  [1m[34mSELECT "posts".* FROM "posts"[0m
  ↳ app/views/posts/index.html.erb:1
  Rendered posts/index.html.erb within layouts/application (Duration: 5.7ms | Allocations: 1487)
  Rendered layout layouts/application.html.erb (Duration: 14.0ms | Allocations: 6196)
Completed 200 OK in 18ms (Views: 16.5ms | ActiveRecord: 0.7ms | Allocations: 7334)


Started GET "/posts/new" for 127.0.0.1 at 2022-01-11 20:35:13 +0300
Processing by PostsController#new as HTML
  Rendering layout layouts/application.html.erb
  Rendering posts/new.html.erb within layouts/application
  Rendered posts/new.html.erb within layouts/application (Duration: 2.0ms | Allocations: 937)
  Rendered layout layouts/application.html.erb (Duration: 5.6ms | Allocations: 4866)
Completed 200 OK in 7ms (Views: 6.2ms | ActiveRecord: 0.0ms | Allocations: 5284)


Started POST "/posts" for 127.0.0.1 at 2022-01-11 20:35:16 +0300
Processing by PostsController#create as TURBO_STREAM
  Parameters: {"authenticity_token"=>"[FILTERED]", "post"=>{"title"=>"", "body"=>"saaam"}, "commit"=>"Save Post"}
  Rendering layout layouts/application.html.erb
  Rendering posts/new.html.erb within layouts/application
  Rendered posts/new.html.erb within layouts/application (Duration: 5.3ms | Allocations: 1633)
  Rendered layout layouts/application.html.erb (Duration: 10.6ms | Allocations: 5623)
Completed 200 OK in 15ms (Views: 11.6ms | ActiveRecord: 0.0ms | Allocations: 6792)


Started POST "/posts" for 127.0.0.1 at 2022-01-11 20:35:21 +0300
Processing by PostsController#create as TURBO_STREAM
  Parameters: {"authenticity_token"=>"[FILTERED]", "post"=>{"title"=>"", "body"=>"saaam"}, "commit"=>"Save Post"}
  Rendering layout layouts/application.html.erb
  Rendering posts/new.html.erb within layouts/application
  Rendered posts/new.html.erb within layouts/application (Duration: 4.0ms | Allocations: 1609)
  Rendered layout layouts/application.html.erb (Duration: 8.5ms | Allocations: 5599)
Completed 200 OK in 13ms (Views: 9.9ms | ActiveRecord: 0.0ms | Allocations: 6690)


Started GET "/posts/new" for 127.0.0.1 at 2022-01-11 20:36:41 +0300
Processing by PostsController#new as HTML
  Rendering layout layouts/application.html.erb
  Rendering posts/new.html.erb within layouts/application
  Rendered posts/new.html.erb within layouts/application (Duration: 10.6ms | Allocations: 1055)
  Rendered layout layouts/application.html.erb (Duration: 18.1ms | Allocations: 5487)
Completed 200 OK in 22ms (Views: 20.5ms | ActiveRecord: 0.0ms | Allocations: 6639)


Started POST "/posts" for 127.0.0.1 at 2022-01-11 20:36:42 +0300
Processing by PostsController#create as TURBO_STREAM
  Parameters: {"authenticity_token"=>"[FILTERED]", "post"=>{"title"=>"", "body"=>"asd"}, "commit"=>"Save Post"}
  Rendering layout layouts/application.html.erb
  Rendering posts/new.html.erb within layouts/application
  Rendered posts/new.html.erb within layouts/application (Duration: 2.3ms | Allocations: 1611)
  Rendered layout layouts/application.html.erb (Duration: 6.2ms | Allocations: 5601)
Completed 200 OK in 10ms (Views: 7.0ms | ActiveRecord: 0.0ms | Allocations: 6813)


Started GET "/" for 127.0.0.1 at 2022-01-11 20:36:44 +0300
Processing by PostsController#index as HTML
  Rendering layout layouts/application.html.erb
  Rendering posts/index.html.erb within layouts/application
  [1m[36mPost Load (0.3ms)[0m  [1m[34mSELECT "posts".* FROM "posts"[0m
  ↳ app/views/posts/index.html.erb:1
  Rendered posts/index.html.erb within layouts/application (Duration: 3.1ms | Allocations: 804)
  Rendered layout layouts/application.html.erb (Duration: 7.4ms | Allocations: 4915)
Completed 200 OK in 9ms (Views: 8.0ms | ActiveRecord: 0.3ms | Allocations: 5307)


Started GET "/" for 127.0.0.1 at 2022-01-11 20:50:50 +0300
Processing by PostsController#index as HTML
  Rendering layout layouts/application.html.erb
  Rendering posts/index.html.erb within layouts/application
  [1m[35m (0.1ms)[0m  [1m[34mSELECT sqlite_version(*)[0m
  ↳ app/views/posts/index.html.erb:1
  [1m[36mPost Load (0.1ms)[0m  [1m[34mSELECT "posts".* FROM "posts"[0m
  ↳ app/views/posts/index.html.erb:1
  Rendered posts/index.html.erb within layouts/application (Duration: 8.7ms | Allocations: 5733)
  Rendered layout layouts/application.html.erb (Duration: 8.9ms | Allocations: 5817)
Completed 500 Internal Server Error in 13ms (ActiveRecord: 0.4ms | Allocations: 6921)


  
ActionView::Template::Error (undefined local variable or method `post' for #<ActionView::Base:0x0000000004e610>
Did you mean?  @post):
    2:     <div class="well">
    3:         <h3><%= p.title %></h3>
    4:         <p> <%= p.body %> </p>
    5:         <%= link_to "Читать далее", posts_path(post), :class => 'btn btn-default' %>
    6:     </div>
    7: <% end %>
  
app/views/posts/index.html.erb:5
app/views/posts/index.html.erb:1
Started GET "/" for 127.0.0.1 at 2022-01-11 20:51:00 +0300
Processing by PostsController#index as HTML
  Rendering layout layouts/application.html.erb
  Rendering posts/index.html.erb within layouts/application
  [1m[36mPost Load (0.1ms)[0m  [1m[34mSELECT "posts".* FROM "posts"[0m
  ↳ app/views/posts/index.html.erb:1
  Rendered posts/index.html.erb within layouts/application (Duration: 9.1ms | Allocations: 5105)
  Rendered layout layouts/application.html.erb (Duration: 9.6ms | Allocations: 5189)
Completed 500 Internal Server Error in 15ms (ActiveRecord: 0.1ms | Allocations: 6306)


  
ActionView::Template::Error (undefined local variable or method `post' for #<ActionView::Base:0x0000000004e930>
Did you mean?  @post):
    2:     <div class="well">
    3:         <h3><%= p.title %></h3>
    4:         <p> <%= p.body %> </p>
    5:         <%= link_to "Читать далее", post_path(post), :class => 'btn btn-default' %>
    6:     </div>
    7: <% end %>
  
app/views/posts/index.html.erb:5
app/views/posts/index.html.erb:1
Started GET "/" for 127.0.0.1 at 2022-01-11 20:53:55 +0300
Processing by PostsController#index as HTML
  Rendering layout layouts/application.html.erb
  Rendering posts/index.html.erb within layouts/application
  [1m[36mPost Load (0.3ms)[0m  [1m[34mSELECT "posts".* FROM "posts"[0m
  ↳ app/views/posts/index.html.erb:1
  Rendered posts/index.html.erb within layouts/application (Duration: 8.2ms | Allocations: 5102)
  Rendered layout layouts/application.html.erb (Duration: 8.5ms | Allocations: 5186)
Completed 500 Internal Server Error in 11ms (ActiveRecord: 0.3ms | Allocations: 6303)


  
ActionView::Template::Error (undefined local variable or method `post' for #<ActionView::Base:0x0000000004edb8>
Did you mean?  @post):
    2:     <div class="well">
    3:         <h3><%= p.title %></h3>
    4:         <p> <%= p.body %> </p>
    5:         <%= link_to "Читать далее", posts_path(post), :class => 'btn btn-default' %>
    6:     </div>
    7: <% end %>
  
app/views/posts/index.html.erb:5
app/views/posts/index.html.erb:1
Started GET "/" for 127.0.0.1 at 2022-01-11 20:53:56 +0300
Processing by PostsController#index as HTML
  Rendering layout layouts/application.html.erb
  Rendering posts/index.html.erb within layouts/application
  [1m[36mPost Load (0.2ms)[0m  [1m[34mSELECT "posts".* FROM "posts"[0m
  ↳ app/views/posts/index.html.erb:1
  Rendered posts/index.html.erb within layouts/application (Duration: 10.1ms | Allocations: 4777)
  Rendered layout layouts/application.html.erb (Duration: 10.4ms | Allocations: 4855)
Completed 500 Internal Server Error in 12ms (ActiveRecord: 0.2ms | Allocations: 5174)


  
ActionView::Template::Error (undefined local variable or method `post' for #<ActionView::Base:0x0000000004f088>
Did you mean?  @post):
    2:     <div class="well">
    3:         <h3><%= p.title %></h3>
    4:         <p> <%= p.body %> </p>
    5:         <%= link_to "Читать далее", posts_path(post), :class => 'btn btn-default' %>
    6:     </div>
    7: <% end %>
  
app/views/posts/index.html.erb:5
app/views/posts/index.html.erb:1
Started GET "/" for 127.0.0.1 at 2022-01-11 20:53:59 +0300
Processing by PostsController#index as HTML
  Rendering layout layouts/application.html.erb
  Rendering posts/index.html.erb within layouts/application
  [1m[36mPost Load (0.2ms)[0m  [1m[34mSELECT "posts".* FROM "posts"[0m
  ↳ app/views/posts/index.html.erb:1
  Rendered posts/index.html.erb within layouts/application (Duration: 10.7ms | Allocations: 4777)
  Rendered layout layouts/application.html.erb (Duration: 11.0ms | Allocations: 4855)
Completed 500 Internal Server Error in 13ms (ActiveRecord: 0.2ms | Allocations: 5153)


  
ActionView::Template::Error (undefined local variable or method `post' for #<ActionView::Base:0x0000000004f358>
Did you mean?  @post):
    2:     <div class="well">
    3:         <h3><%= p.title %></h3>
    4:         <p> <%= p.body %> </p>
    5:         <%= link_to "Читать далее", posts_path(post), :class => 'btn btn-default' %>
    6:     </div>
    7: <% end %>
  
app/views/posts/index.html.erb:5
app/views/posts/index.html.erb:1
Started GET "/" for 127.0.0.1 at 2022-01-11 20:54:10 +0300
Processing by PostsController#index as HTML
  Rendering layout layouts/application.html.erb
  Rendering posts/index.html.erb within layouts/application
  [1m[36mPost Load (0.2ms)[0m  [1m[34mSELECT "posts".* FROM "posts"[0m
  ↳ app/views/posts/index.html.erb:1
  Rendered posts/index.html.erb within layouts/application (Duration: 4.4ms | Allocations: 1110)
  Rendered layout layouts/application.html.erb (Duration: 19.5ms | Allocations: 5780)
Completed 200 OK in 24ms (Views: 22.0ms | ActiveRecord: 0.2ms | Allocations: 6918)


Started GET "/posts/%23%3CPost::ActiveRecord_Relation:0x00007fb2411dd418%3E" for 127.0.0.1 at 2022-01-11 20:54:12 +0300
Processing by PostsController#show as HTML
  Parameters: {"id"=>"#<Post::ActiveRecord_Relation:0x00007fb2411dd418>"}
  [1m[36mPost Load (0.3ms)[0m  [1m[34mSELECT "posts".* FROM "posts" WHERE "posts"."id" = ? LIMIT ?[0m  [["id", nil], ["LIMIT", 1]]
  ↳ app/controllers/posts_controller.rb:11:in `show'
Completed 404 Not Found in 3ms (ActiveRecord: 0.3ms | Allocations: 1483)


  
ActiveRecord::RecordNotFound (Couldn't find Post with 'id'=#<Post::ActiveRecord_Relation:0x00007fb2411dd418>):
  
app/controllers/posts_controller.rb:11:in `show'
Started GET "/posts/%23%3CPost::ActiveRecord_Relation:0x00007fb2411dd418%3E" for 127.0.0.1 at 2022-01-11 21:02:11 +0300
Processing by PostsController#show as HTML
  Parameters: {"id"=>"#<Post::ActiveRecord_Relation:0x00007fb2411dd418>"}
  [1m[35m (0.1ms)[0m  [1m[34mSELECT sqlite_version(*)[0m
  ↳ app/controllers/posts_controller.rb:11:in `show'
  [1m[36mPost Load (0.2ms)[0m  [1m[34mSELECT "posts".* FROM "posts" WHERE "posts"."id" = ? LIMIT ?[0m  [["id", nil], ["LIMIT", 1]]
  ↳ app/controllers/posts_controller.rb:11:in `show'
Completed 404 Not Found in 5ms (ActiveRecord: 0.6ms | Allocations: 1424)


  
ActiveRecord::RecordNotFound (Couldn't find Post with 'id'=#<Post::ActiveRecord_Relation:0x00007fb2411dd418>):
  
app/controllers/posts_controller.rb:11:in `show'
Started GET "/posts/%23%3CPost::ActiveRecord_Relation:0x00007fb2411dd418%3E" for 127.0.0.1 at 2022-01-11 21:02:13 +0300
Processing by PostsController#show as HTML
  Parameters: {"id"=>"#<Post::ActiveRecord_Relation:0x00007fb2411dd418>"}
  [1m[36mPost Load (0.1ms)[0m  [1m[34mSELECT "posts".* FROM "posts" WHERE "posts"."id" = ? LIMIT ?[0m  [["id", nil], ["LIMIT", 1]]
  ↳ app/controllers/posts_controller.rb:11:in `show'
Completed 404 Not Found in 1ms (ActiveRecord: 0.1ms | Allocations: 894)


  
ActiveRecord::RecordNotFound (Couldn't find Post with 'id'=#<Post::ActiveRecord_Relation:0x00007fb2411dd418>):
  
app/controllers/posts_controller.rb:11:in `show'
Started GET "/posts/%23%3CPost::ActiveRecord_Relation:0x00007fb2411dd418%3E" for 127.0.0.1 at 2022-01-11 21:02:17 +0300
Processing by PostsController#show as HTML
  Parameters: {"id"=>"#<Post::ActiveRecord_Relation:0x00007fb2411dd418>"}
  [1m[36mPost Load (0.2ms)[0m  [1m[34mSELECT "posts".* FROM "posts" WHERE "posts"."id" = ? LIMIT ?[0m  [["id", nil], ["LIMIT", 1]]
  ↳ app/controllers/posts_controller.rb:11:in `show'
Completed 404 Not Found in 4ms (ActiveRecord: 0.2ms | Allocations: 894)


  
ActiveRecord::RecordNotFound (Couldn't find Post with 'id'=#<Post::ActiveRecord_Relation:0x00007fb2411dd418>):
  
app/controllers/posts_controller.rb:11:in `show'
Started GET "/posts/%23%3CPost::ActiveRecord_Relation:0x00007fb2411dd418%3E" for 127.0.0.1 at 2022-01-11 21:02:19 +0300
Processing by PostsController#show as HTML
  Parameters: {"id"=>"#<Post::ActiveRecord_Relation:0x00007fb2411dd418>"}
  [1m[36mPost Load (0.1ms)[0m  [1m[34mSELECT "posts".* FROM "posts" WHERE "posts"."id" = ? LIMIT ?[0m  [["id", nil], ["LIMIT", 1]]
  ↳ app/controllers/posts_controller.rb:11:in `show'
Completed 404 Not Found in 2ms (ActiveRecord: 0.1ms | Allocations: 893)


  
ActiveRecord::RecordNotFound (Couldn't find Post with 'id'=#<Post::ActiveRecord_Relation:0x00007fb2411dd418>):
  
app/controllers/posts_controller.rb:11:in `show'
Started GET "/" for 127.0.0.1 at 2022-01-11 21:02:24 +0300
Processing by PostsController#index as HTML
  Rendering layout layouts/application.html.erb
  Rendering posts/index.html.erb within layouts/application
  [1m[36mPost Load (0.3ms)[0m  [1m[34mSELECT "posts".* FROM "posts"[0m
  ↳ app/views/posts/index.html.erb:1
  Rendered posts/index.html.erb within layouts/application (Duration: 10.5ms | Allocations: 4783)
  Rendered layout layouts/application.html.erb (Duration: 10.9ms | Allocations: 4867)
Completed 500 Internal Server Error in 15ms (ActiveRecord: 0.3ms | Allocations: 5934)


  
ActionView::Template::Error (undefined method `p_path' for #<ActionView::Base:0x000000000505f0>):
    2:     <div class="well">
    3:         <h3><%= p.title %></h3>
    4:         <p> <%= p.body %> </p>
    5:         <%= link_to "Читать далее", p_path(@post), :class => 'btn btn-default' %>
    6:     </div>
    7: <% end %>
  
app/views/posts/index.html.erb:5
app/views/posts/index.html.erb:1
Started GET "/" for 127.0.0.1 at 2022-01-11 21:02:35 +0300
Processing by PostsController#index as HTML
  Rendering layout layouts/application.html.erb
  Rendering posts/index.html.erb within layouts/application
  [1m[36mPost Load (0.2ms)[0m  [1m[34mSELECT "posts".* FROM "posts"[0m
  ↳ app/views/posts/index.html.erb:1
  Rendered posts/index.html.erb within layouts/application (Duration: 10.2ms | Allocations: 4441)
  Rendered layout layouts/application.html.erb (Duration: 10.5ms | Allocations: 4519)
Completed 500 Internal Server Error in 12ms (ActiveRecord: 0.2ms | Allocations: 4838)


  
ActionView::Template::Error (undefined method `p_path' for #<ActionView::Base:0x000000000508e8>):
    2:     <div class="well">
    3:         <h3><%= p.title %></h3>
    4:         <p> <%= p.body %> </p>
    5:         <%= link_to "Читать далее", p_path(@post), :class => 'btn btn-default' %>
    6:     </div>
    7: <% end %>
  
app/views/posts/index.html.erb:5
app/views/posts/index.html.erb:1
Started GET "/" for 127.0.0.1 at 2022-01-11 21:02:36 +0300
Processing by PostsController#index as HTML
  Rendering layout layouts/application.html.erb
  Rendering posts/index.html.erb within layouts/application
  [1m[36mPost Load (0.2ms)[0m  [1m[34mSELECT "posts".* FROM "posts"[0m
  ↳ app/views/posts/index.html.erb:1
  Rendered posts/index.html.erb within layouts/application (Duration: 12.9ms | Allocations: 4441)
  Rendered layout layouts/application.html.erb (Duration: 13.2ms | Allocations: 4519)
Completed 500 Internal Server Error in 15ms (ActiveRecord: 0.2ms | Allocations: 4817)


  
ActionView::Template::Error (undefined method `p_path' for #<ActionView::Base:0x00000000050bb8>):
    2:     <div class="well">
    3:         <h3><%= p.title %></h3>
    4:         <p> <%= p.body %> </p>
    5:         <%= link_to "Читать далее", p_path(@post), :class => 'btn btn-default' %>
    6:     </div>
    7: <% end %>
  
app/views/posts/index.html.erb:5
app/views/posts/index.html.erb:1
Started GET "/" for 127.0.0.1 at 2022-01-11 21:02:42 +0300
Processing by PostsController#index as HTML
  Rendering layout layouts/application.html.erb
  Rendering posts/index.html.erb within layouts/application
  [1m[36mPost Load (0.2ms)[0m  [1m[34mSELECT "posts".* FROM "posts"[0m
  ↳ app/views/posts/index.html.erb:1
  Rendered posts/index.html.erb within layouts/application (Duration: 13.3ms | Allocations: 4441)
  Rendered layout layouts/application.html.erb (Duration: 13.7ms | Allocations: 4519)
Completed 500 Internal Server Error in 15ms (ActiveRecord: 0.2ms | Allocations: 4817)


  
ActionView::Template::Error (undefined method `p_path' for #<ActionView::Base:0x00000000050e88>):
    2:     <div class="well">
    3:         <h3><%= p.title %></h3>
    4:         <p> <%= p.body %> </p>
    5:         <%= link_to "Читать далее", p_path(@post), :class => 'btn btn-default' %>
    6:     </div>
    7: <% end %>
  
app/views/posts/index.html.erb:5
app/views/posts/index.html.erb:1
Started GET "/" for 127.0.0.1 at 2022-01-11 21:02:45 +0300
Processing by PostsController#index as HTML
  Rendering layout layouts/application.html.erb
  Rendering posts/index.html.erb within layouts/application
  [1m[36mPost Load (0.2ms)[0m  [1m[34mSELECT "posts".* FROM "posts"[0m
  ↳ app/views/posts/index.html.erb:1
  Rendered posts/index.html.erb within layouts/application (Duration: 9.9ms | Allocations: 4441)
  Rendered layout layouts/application.html.erb (Duration: 10.3ms | Allocations: 4519)
Completed 500 Internal Server Error in 12ms (ActiveRecord: 0.2ms | Allocations: 4817)


  
ActionView::Template::Error (undefined method `p_path' for #<ActionView::Base:0x00000000051158>):
    2:     <div class="well">
    3:         <h3><%= p.title %></h3>
    4:         <p> <%= p.body %> </p>
    5:         <%= link_to "Читать далее", p_path(@post), :class => 'btn btn-default' %>
    6:     </div>
    7: <% end %>
  
app/views/posts/index.html.erb:5
app/views/posts/index.html.erb:1
Started GET "/" for 127.0.0.1 at 2022-01-11 21:02:50 +0300
Processing by PostsController#index as HTML
  Rendering layout layouts/application.html.erb
  Rendering posts/index.html.erb within layouts/application
  [1m[36mPost Load (0.3ms)[0m  [1m[34mSELECT "posts".* FROM "posts"[0m
  ↳ app/views/posts/index.html.erb:1
  Rendered posts/index.html.erb within layouts/application (Duration: 21.5ms | Allocations: 5102)
  Rendered layout layouts/application.html.erb (Duration: 21.7ms | Allocations: 5186)
Completed 500 Internal Server Error in 26ms (ActiveRecord: 0.3ms | Allocations: 6283)


  
ActionView::Template::Error (undefined local variable or method `post' for #<ActionView::Base:0x00000000051450>
Did you mean?  @post):
    2:     <div class="well">
    3:         <h3><%= p.title %></h3>
    4:         <p> <%= p.body %> </p>
    5:         <%= link_to "Читать далее", post_path(post), :class => 'btn btn-default' %>
    6:     </div>
    7: <% end %>
  
app/views/posts/index.html.erb:5
app/views/posts/index.html.erb:1
Started GET "/" for 127.0.0.1 at 2022-01-11 21:02:58 +0300
Processing by PostsController#index as HTML
  Rendering layout layouts/application.html.erb
  Rendering posts/index.html.erb within layouts/application
  [1m[36mPost Load (0.1ms)[0m  [1m[34mSELECT "posts".* FROM "posts"[0m
  ↳ app/views/posts/index.html.erb:1
  Rendered posts/index.html.erb within layouts/application (Duration: 2.2ms | Allocations: 1104)
  Rendered layout layouts/application.html.erb (Duration: 8.0ms | Allocations: 5786)
Completed 200 OK in 12ms (Views: 10.4ms | ActiveRecord: 0.1ms | Allocations: 6944)


Started GET "/posts/%23%3CPost::ActiveRecord_Relation:0x00007fb2409480f0%3E" for 127.0.0.1 at 2022-01-11 21:03:00 +0300
Processing by PostsController#show as HTML
  Parameters: {"id"=>"#<Post::ActiveRecord_Relation:0x00007fb2409480f0>"}
  [1m[36mPost Load (0.1ms)[0m  [1m[34mSELECT "posts".* FROM "posts" WHERE "posts"."id" = ? LIMIT ?[0m  [["id", nil], ["LIMIT", 1]]
  ↳ app/controllers/posts_controller.rb:11:in `show'
Completed 404 Not Found in 2ms (ActiveRecord: 0.1ms | Allocations: 931)


  
ActiveRecord::RecordNotFound (Couldn't find Post with 'id'=#<Post::ActiveRecord_Relation:0x00007fb2409480f0>):
  
app/controllers/posts_controller.rb:11:in `show'
Started GET "/posts/%23%3CPost::ActiveRecord_Relation:0x00007fb2409480f0%3E" for 127.0.0.1 at 2022-01-11 21:03:48 +0300
Processing by PostsController#show as HTML
  Parameters: {"id"=>"#<Post::ActiveRecord_Relation:0x00007fb2409480f0>"}
  [1m[36mPost Load (0.2ms)[0m  [1m[34mSELECT "posts".* FROM "posts" WHERE "posts"."id" = ? LIMIT ?[0m  [["id", nil], ["LIMIT", 1]]
  ↳ app/controllers/posts_controller.rb:11:in `show'
Completed 404 Not Found in 3ms (ActiveRecord: 0.2ms | Allocations: 894)


  
ActiveRecord::RecordNotFound (Couldn't find Post with 'id'=#<Post::ActiveRecord_Relation:0x00007fb2409480f0>):
  
app/controllers/posts_controller.rb:11:in `show'
Started GET "/posts/%23%3CPost::ActiveRecord_Relation:0x00007fb2409480f0%3E" for 127.0.0.1 at 2022-01-11 21:03:50 +0300
Processing by PostsController#show as HTML
  Parameters: {"id"=>"#<Post::ActiveRecord_Relation:0x00007fb2409480f0>"}
  [1m[36mPost Load (0.2ms)[0m  [1m[34mSELECT "posts".* FROM "posts" WHERE "posts"."id" = ? LIMIT ?[0m  [["id", nil], ["LIMIT", 1]]
  ↳ app/controllers/posts_controller.rb:11:in `show'
Completed 404 Not Found in 3ms (ActiveRecord: 0.2ms | Allocations: 894)


  
ActiveRecord::RecordNotFound (Couldn't find Post with 'id'=#<Post::ActiveRecord_Relation:0x00007fb2409480f0>):
  
app/controllers/posts_controller.rb:11:in `show'
Started GET "/" for 127.0.0.1 at 2022-01-11 21:03:52 +0300
Processing by PostsController#index as HTML
  Rendering layout layouts/application.html.erb
  Rendering posts/index.html.erb within layouts/application
  [1m[36mPost Load (0.2ms)[0m  [1m[34mSELECT "posts".* FROM "posts"[0m
  ↳ app/views/posts/index.html.erb:1
  Rendered posts/index.html.erb within layouts/application (Duration: 20.8ms | Allocations: 5164)
  Rendered layout layouts/application.html.erb (Duration: 21.2ms | Allocations: 5248)
Completed 500 Internal Server Error in 25ms (ActiveRecord: 0.2ms | Allocations: 6316)


  
ActionView::Template::Error (undefined local variable or method `post' for #<ActionView::Base:0x000000000520d0>
Did you mean?  @post):
    2:     <div class="well">
    3:         <h3><%= p.title %></h3>
    4:         <p> <%= p.body %> </p>
    5:         <%= link_to "Читать далее", post_path(@post), post.id, :class => 'btn btn-default' %>
    6:     </div>
    7: <% end %>
  
app/views/posts/index.html.erb:5
app/views/posts/index.html.erb:1
Started GET "/" for 127.0.0.1 at 2022-01-11 21:04:05 +0300
Processing by PostsController#index as HTML
  Rendering layout layouts/application.html.erb
  Rendering posts/index.html.erb within layouts/application
  [1m[36mPost Load (0.2ms)[0m  [1m[34mSELECT "posts".* FROM "posts"[0m
  ↳ app/views/posts/index.html.erb:1
  Rendered posts/index.html.erb within layouts/application (Duration: 9.0ms | Allocations: 4203)
  Rendered layout layouts/application.html.erb (Duration: 9.3ms | Allocations: 4287)
Completed 500 Internal Server Error in 13ms (ActiveRecord: 0.2ms | Allocations: 5405)


  
ActionView::Template::Error (undefined method `id' for #<ActiveRecord::Relation [#<Post id: 1, title: "Пост первый", body: "Пост о проверке работы", created_at: "2022-01-11 14:55:03.014666000 +0000", updated_at: "2022-01-11 14:55:03.014666000 +0000">, #<Post id: 2, title: "Пост второй", body: "С надеждой на корректность!", created_at: "2022-01-11 16:45:29.905872000 +0000", updated_at: "2022-01-11 16:45:29.905872000 +0000">, #<Post id: 3, title: "Третий Пост", body: "С уверенностью в завтрашнем дне", created_at: "2022-01-11 16:48:42.812720000 +0000", updated_at: "2022-01-11 16:48:42.812720000 +0000">, #<Post id: 4, title: "Четвёртый пост!", body: "Вдруг я что-то сломала? Необходимо убедиться, что ...", created_at: "2022-01-11 16:58:40.529191000 +0000", updated_at: "2022-01-11 16:58:40.529191000 +0000">]>
Did you mean?  ids):
    2:     <div class="well">
    3:         <h3><%= p.title %></h3>
    4:         <p> <%= p.body %> </p>
    5:         <%= link_to "Читать далее", post_path(@post), @post.id, :class => 'btn btn-default' %>
    6:     </div>
    7: <% end %>
  
app/views/posts/index.html.erb:5
app/views/posts/index.html.erb:1
Started GET "/" for 127.0.0.1 at 2022-01-11 21:04:14 +0300
Processing by PostsController#index as HTML
  Rendering layout layouts/application.html.erb
  Rendering posts/index.html.erb within layouts/application
  [1m[36mPost Load (0.2ms)[0m  [1m[34mSELECT "posts".* FROM "posts"[0m
  ↳ app/views/posts/index.html.erb:1
  Rendered posts/index.html.erb within layouts/application (Duration: 3.5ms | Allocations: 1104)
  Rendered layout layouts/application.html.erb (Duration: 9.7ms | Allocations: 5790)
Completed 200 OK in 14ms (Views: 12.1ms | ActiveRecord: 0.2ms | Allocations: 6948)


Started GET "/posts/%23%3CPost::ActiveRecord_Relation:0x00007fb24120ba48%3E" for 127.0.0.1 at 2022-01-11 21:04:19 +0300
Processing by PostsController#show as HTML
  Parameters: {"id"=>"#<Post::ActiveRecord_Relation:0x00007fb24120ba48>"}
  [1m[36mPost Load (0.2ms)[0m  [1m[34mSELECT "posts".* FROM "posts" WHERE "posts"."id" = ? LIMIT ?[0m  [["id", nil], ["LIMIT", 1]]
  ↳ app/controllers/posts_controller.rb:11:in `show'
Completed 404 Not Found in 3ms (ActiveRecord: 0.2ms | Allocations: 931)


  
ActiveRecord::RecordNotFound (Couldn't find Post with 'id'=#<Post::ActiveRecord_Relation:0x00007fb24120ba48>):
  
app/controllers/posts_controller.rb:11:in `show'
